2025-04-28T09:25:19,028 [main] INFO  a.f.a.t.Tool$ - # APALACHE version: 0.47.2 | build: def5e8e
2025-04-28T09:25:19,034 [main] INFO  a.f.a.t.t.o.ServerCmd - Starting server on port 8822...
2025-04-28T09:25:20,940 [zio-default-async-5] INFO  a.f.a.i.p.PassChainExecutor$ - PASS #0: SanyParser
2025-04-28T09:25:21,141 [zio-default-async-5] DEBUG a.f.a.i.p.PassChainExecutor$ - PASS #0: SanyParser [OK]
2025-04-28T09:25:21,141 [zio-default-async-5] INFO  a.f.a.i.p.PassChainExecutor$ - PASS #1: TypeCheckerSnowcat
2025-04-28T09:25:21,141 [zio-default-async-5] INFO  a.f.a.t.p.t.EtcTypeCheckerPassImpl -  > Running Snowcat .::.
2025-04-28T09:25:21,220 [zio-default-async-5] INFO  a.f.a.t.p.t.EtcTypeCheckerPassImpl -  > Your types are purrfect!
2025-04-28T09:25:21,220 [zio-default-async-5] INFO  a.f.a.t.p.t.EtcTypeCheckerPassImpl -  > All expressions are typed
2025-04-28T09:25:21,220 [zio-default-async-5] DEBUG a.f.a.i.p.PassChainExecutor$ - PASS #1: TypeCheckerSnowcat [OK]
2025-04-28T09:25:21,220 [zio-default-async-5] INFO  a.f.a.i.p.PassChainExecutor$ - PASS #2: ConfigurationPass
2025-04-28T09:25:21,222 [zio-default-async-5] INFO  a.f.a.t.p.p.ConfigurationPassImpl -   > Set the initialization predicate to q::init
2025-04-28T09:25:21,222 [zio-default-async-5] INFO  a.f.a.t.p.p.ConfigurationPassImpl -   > Set the transition predicate to q::step
2025-04-28T09:25:21,222 [zio-default-async-5] INFO  a.f.a.t.p.p.ConfigurationPassImpl -   > Set an invariant to q::inv
2025-04-28T09:25:21,224 [zio-default-async-5] DEBUG a.f.a.i.p.PassChainExecutor$ - PASS #2: ConfigurationPass [OK]
2025-04-28T09:25:21,224 [zio-default-async-5] INFO  a.f.a.i.p.PassChainExecutor$ - PASS #3: DesugarerPass
2025-04-28T09:25:21,224 [zio-default-async-5] INFO  a.f.a.t.p.p.DesugarerPassImpl -   > Desugaring...
2025-04-28T09:25:21,228 [zio-default-async-5] DEBUG a.f.a.i.p.PassChainExecutor$ - PASS #3: DesugarerPass [OK]
2025-04-28T09:25:21,228 [zio-default-async-5] INFO  a.f.a.i.p.PassChainExecutor$ - PASS #4: InlinePass
2025-04-28T09:25:21,228 [zio-default-async-5] INFO  a.f.a.t.p.p.InlinePassImpl - Leaving only relevant operators: CInitPrimed, q::init, q::initPrimed, q::inv, q::step
2025-04-28T09:25:21,240 [zio-default-async-5] DEBUG a.f.a.i.p.PassChainExecutor$ - PASS #4: InlinePass [OK]
2025-04-28T09:25:21,240 [zio-default-async-5] INFO  a.f.a.i.p.PassChainExecutor$ - PASS #5: TemporalPass
2025-04-28T09:25:21,240 [zio-default-async-5] INFO  a.f.a.t.p.p.TemporalPassImpl -   > Rewriting temporal operators...
2025-04-28T09:25:21,240 [zio-default-async-5] INFO  a.f.a.t.p.p.TemporalPassImpl -   > No temporal property specified, nothing to encode
2025-04-28T09:25:21,240 [zio-default-async-5] DEBUG a.f.a.i.p.PassChainExecutor$ - PASS #5: TemporalPass [OK]
2025-04-28T09:25:21,240 [zio-default-async-5] INFO  a.f.a.i.p.PassChainExecutor$ - PASS #6: InlinePass
2025-04-28T09:25:21,241 [zio-default-async-5] INFO  a.f.a.t.p.p.InlinePassImpl - Leaving only relevant operators: CInitPrimed, q::init, q::initPrimed, q::inv, q::step
2025-04-28T09:25:21,242 [zio-default-async-5] DEBUG a.f.a.i.p.PassChainExecutor$ - PASS #6: InlinePass [OK]
2025-04-28T09:25:21,243 [zio-default-async-5] INFO  a.f.a.i.p.PassChainExecutor$ - PASS #7: PrimingPass
2025-04-28T09:25:21,244 [zio-default-async-5] INFO  a.f.a.t.p.a.PrimingPassImpl -   > Introducing q::initPrimed for q::init'
2025-04-28T09:25:21,244 [zio-default-async-5] DEBUG a.f.a.i.p.PassChainExecutor$ - PASS #7: PrimingPass [OK]
2025-04-28T09:25:21,244 [zio-default-async-5] INFO  a.f.a.i.p.PassChainExecutor$ - PASS #8: VCGen
2025-04-28T09:25:21,244 [zio-default-async-5] INFO  a.f.a.t.b.p.VCGenPassImpl -   > Producing verification conditions from the invariant q::inv
2025-04-28T09:25:21,247 [zio-default-async-5] INFO  a.f.a.t.b.VCGenerator -   > VCGen produced 1 verification condition(s)
2025-04-28T09:25:21,248 [zio-default-async-5] DEBUG a.f.a.i.p.PassChainExecutor$ - PASS #8: VCGen [OK]
2025-04-28T09:25:21,248 [zio-default-async-5] INFO  a.f.a.i.p.PassChainExecutor$ - PASS #9: PreprocessingPass
2025-04-28T09:25:21,248 [zio-default-async-5] INFO  a.f.a.t.p.p.PreproPassImpl -   > Before preprocessing: unique renaming
2025-04-28T09:25:21,251 [zio-default-async-5] INFO  a.f.a.t.p.p.PreproPassImpl -  > Applying standard transformations:
2025-04-28T09:25:21,251 [zio-default-async-5] INFO  a.f.a.t.p.p.PreproPassImpl -   > PrimePropagation
2025-04-28T09:25:21,252 [zio-default-async-5] INFO  a.f.a.t.p.p.PreproPassImpl -   > Desugarer
2025-04-28T09:25:21,252 [zio-default-async-5] INFO  a.f.a.t.p.p.PreproPassImpl -   > UniqueRenamer
2025-04-28T09:25:21,254 [zio-default-async-5] INFO  a.f.a.t.p.p.PreproPassImpl -   > Normalizer
2025-04-28T09:25:21,255 [zio-default-async-5] INFO  a.f.a.t.p.p.PreproPassImpl -   > Keramelizer
2025-04-28T09:25:21,257 [zio-default-async-5] INFO  a.f.a.t.p.p.PreproPassImpl -   > After preprocessing: UniqueRenamer
2025-04-28T09:25:21,259 [zio-default-async-5] DEBUG a.f.a.i.p.PassChainExecutor$ - PASS #9: PreprocessingPass [OK]
2025-04-28T09:25:21,259 [zio-default-async-5] INFO  a.f.a.i.p.PassChainExecutor$ - PASS #10: TransitionFinderPass
2025-04-28T09:25:21,262 [zio-default-async-5] INFO  a.f.a.t.p.a.TransitionPassImpl -   > Found 1 initializing transitions
2025-04-28T09:25:21,264 [zio-default-async-5] INFO  a.f.a.t.p.a.TransitionPassImpl -   > Found 2 transitions
2025-04-28T09:25:21,265 [zio-default-async-5] INFO  a.f.a.t.p.a.TransitionPassImpl -   > No constant initializer
2025-04-28T09:25:21,265 [zio-default-async-5] INFO  a.f.a.t.p.a.TransitionPassImpl -   > Applying unique renaming
2025-04-28T09:25:21,266 [zio-default-async-5] DEBUG a.f.a.i.p.PassChainExecutor$ - PASS #10: TransitionFinderPass [OK]
2025-04-28T09:25:21,266 [zio-default-async-5] INFO  a.f.a.i.p.PassChainExecutor$ - PASS #11: OptimizationPass
2025-04-28T09:25:21,269 [zio-default-async-5] INFO  a.f.a.t.p.p.OptPassImpl -  > Applying optimizations:
2025-04-28T09:25:21,269 [zio-default-async-5] INFO  a.f.a.t.p.p.OptPassImpl -   > ConstSimplifier
2025-04-28T09:25:21,270 [zio-default-async-5] INFO  a.f.a.t.p.p.OptPassImpl -   > ExprOptimizer
2025-04-28T09:25:21,271 [zio-default-async-5] INFO  a.f.a.t.p.p.OptPassImpl -   > SetMembershipSimplifier
2025-04-28T09:25:21,271 [zio-default-async-5] INFO  a.f.a.t.p.p.OptPassImpl -   > ConstSimplifier
2025-04-28T09:25:21,272 [zio-default-async-5] DEBUG a.f.a.i.p.PassChainExecutor$ - PASS #11: OptimizationPass [OK]
2025-04-28T09:25:21,272 [zio-default-async-5] INFO  a.f.a.i.p.PassChainExecutor$ - PASS #12: AnalysisPass
2025-04-28T09:25:21,273 [zio-default-async-5] INFO  a.f.a.t.b.p.AnalysisPassImpl -  > Marking skolemizable existentials and sets to be expanded...
2025-04-28T09:25:21,273 [zio-default-async-5] INFO  a.f.a.t.b.p.AnalysisPassImpl -   > Skolemization
2025-04-28T09:25:21,273 [zio-default-async-5] INFO  a.f.a.t.b.p.AnalysisPassImpl -   > Expansion
2025-04-28T09:25:21,274 [zio-default-async-5] INFO  a.f.a.t.b.p.AnalysisPassImpl -   > Remove unused let-in defs
2025-04-28T09:25:21,275 [zio-default-async-5] INFO  a.f.a.t.b.p.AnalysisPassImpl -  > Running analyzers...
2025-04-28T09:25:21,276 [zio-default-async-5] INFO  a.f.a.t.b.p.AnalysisPassImpl -   > Introduced expression grades
2025-04-28T09:25:21,276 [zio-default-async-5] DEBUG a.f.a.i.p.PassChainExecutor$ - PASS #12: AnalysisPass [OK]
2025-04-28T09:25:21,276 [zio-default-async-5] INFO  a.f.a.i.p.PassChainExecutor$ - PASS #13: BoundedChecker
2025-04-28T09:25:21,284 [zio-default-async-5] DEBUG a.f.a.t.b.s.Z3SolverContext - Creating Z3 solver context 0
2025-04-28T09:25:21,850 [zio-default-async-5] DEBUG a.f.a.t.b.t.TransitionExecutorImpl - Step #0, transition #0
2025-04-28T09:25:21,850 [zio-default-async-5] DEBUG a.f.a.t.b.t.TransitionExecutorImpl - Translating to SMT
2025-04-28T09:25:21,875 [zio-default-async-5] DEBUG a.f.a.t.b.SeqModelChecker - Step 0: Transition #0. Is it enabled?
2025-04-28T09:25:21,876 [zio-default-async-5] DEBUG a.f.a.t.b.SeqModelChecker - Step 0: Transition #0 is enabled
2025-04-28T09:25:21,876 [zio-default-async-5] INFO  a.f.a.t.b.SeqModelChecker - State 0: Checking 1 state invariants
2025-04-28T09:25:21,877 [zio-default-async-5] DEBUG a.f.a.t.b.SeqModelChecker - State 0: Checking state invariant 0
2025-04-28T09:25:21,886 [zio-default-async-5] INFO  a.f.a.t.b.SeqModelChecker - State 0: state invariant 0 holds.
2025-04-28T09:25:21,888 [zio-default-async-5] INFO  a.f.a.t.b.t.TransitionExecutorImpl - Step 0: picking a transition out of 1 transition(s)
2025-04-28T09:25:21,889 [zio-default-async-5] DEBUG a.f.a.t.b.t.TransitionExecutorImpl - Step #1, transition #0
2025-04-28T09:25:21,889 [zio-default-async-5] DEBUG a.f.a.t.b.t.TransitionExecutorImpl - Translating to SMT
2025-04-28T09:25:21,900 [zio-default-async-5] DEBUG a.f.a.t.b.SeqModelChecker - Step 1: Transition #0. Is it enabled?
2025-04-28T09:25:21,900 [zio-default-async-5] DEBUG a.f.a.t.b.SeqModelChecker - Step 1: Transition #0 is enabled
2025-04-28T09:25:21,900 [zio-default-async-5] INFO  a.f.a.t.b.SeqModelChecker - State 1: Checking 1 state invariants
2025-04-28T09:25:21,901 [zio-default-async-5] DEBUG a.f.a.t.b.SeqModelChecker - State 1: Checking state invariant 0
2025-04-28T09:25:21,904 [zio-default-async-5] INFO  a.f.a.t.b.SeqModelChecker - State 1: state invariant 0 holds.
2025-04-28T09:25:21,905 [zio-default-async-5] DEBUG a.f.a.t.b.t.TransitionExecutorImpl - Step #1, transition #1
2025-04-28T09:25:21,905 [zio-default-async-5] DEBUG a.f.a.t.b.t.TransitionExecutorImpl - Translating to SMT
2025-04-28T09:25:21,917 [zio-default-async-5] DEBUG a.f.a.t.b.SeqModelChecker - Step 1: Transition #1. Is it enabled?
2025-04-28T09:25:21,917 [zio-default-async-5] INFO  a.f.a.t.b.SeqModelChecker - Step 1: Transition #1 is disabled
2025-04-28T09:25:21,918 [zio-default-async-5] INFO  a.f.a.t.b.t.TransitionExecutorImpl - Step 1: picking a transition out of 1 transition(s)
2025-04-28T09:25:21,918 [zio-default-async-5] DEBUG a.f.a.t.b.t.TransitionExecutorImpl - Step #2, transition #0
2025-04-28T09:25:21,918 [zio-default-async-5] DEBUG a.f.a.t.b.t.TransitionExecutorImpl - Translating to SMT
2025-04-28T09:25:21,926 [zio-default-async-5] DEBUG a.f.a.t.b.SeqModelChecker - Step 2: Transition #0. Is it enabled?
2025-04-28T09:25:21,927 [zio-default-async-5] DEBUG a.f.a.t.b.SeqModelChecker - Step 2: Transition #0 is enabled
2025-04-28T09:25:21,927 [zio-default-async-5] INFO  a.f.a.t.b.SeqModelChecker - State 2: Checking 1 state invariants
2025-04-28T09:25:21,927 [zio-default-async-5] DEBUG a.f.a.t.b.SeqModelChecker - State 2: Checking state invariant 0
2025-04-28T09:25:21,931 [zio-default-async-5] INFO  a.f.a.t.b.SeqModelChecker - State 2: state invariant 0 holds.
2025-04-28T09:25:21,932 [zio-default-async-5] DEBUG a.f.a.t.b.t.TransitionExecutorImpl - Step #2, transition #1
2025-04-28T09:25:21,932 [zio-default-async-5] DEBUG a.f.a.t.b.t.TransitionExecutorImpl - Translating to SMT
2025-04-28T09:25:21,945 [zio-default-async-5] DEBUG a.f.a.t.b.SeqModelChecker - Step 2: Transition #1. Is it enabled?
2025-04-28T09:25:21,946 [zio-default-async-5] DEBUG a.f.a.t.b.SeqModelChecker - Step 2: Transition #1 is enabled
2025-04-28T09:25:21,946 [zio-default-async-5] INFO  a.f.a.t.b.SeqModelChecker - State 2: Checking 1 state invariants
2025-04-28T09:25:21,946 [zio-default-async-5] DEBUG a.f.a.t.b.SeqModelChecker - State 2: Checking state invariant 0
2025-04-28T09:25:21,951 [zio-default-async-5] INFO  a.f.a.t.b.SeqModelChecker - State 2: state invariant 0 holds.
2025-04-28T09:25:21,951 [zio-default-async-5] INFO  a.f.a.t.b.t.TransitionExecutorImpl - Step 2: picking a transition out of 2 transition(s)
2025-04-28T09:25:21,959 [zio-default-async-5] DEBUG a.f.a.t.b.t.TransitionExecutorImpl - Step #3, transition #0
2025-04-28T09:25:21,959 [zio-default-async-5] DEBUG a.f.a.t.b.t.TransitionExecutorImpl - Translating to SMT
2025-04-28T09:25:21,965 [zio-default-async-5] DEBUG a.f.a.t.b.SeqModelChecker - Step 3: Transition #0. Is it enabled?
2025-04-28T09:25:21,966 [zio-default-async-5] DEBUG a.f.a.t.b.SeqModelChecker - Step 3: Transition #0 is enabled
2025-04-28T09:25:21,966 [zio-default-async-5] INFO  a.f.a.t.b.SeqModelChecker - State 3: Checking 1 state invariants
2025-04-28T09:25:21,966 [zio-default-async-5] DEBUG a.f.a.t.b.SeqModelChecker - State 3: Checking state invariant 0
2025-04-28T09:25:21,972 [zio-default-async-5] INFO  a.f.a.t.b.SeqModelChecker - State 3: state invariant 0 holds.
2025-04-28T09:25:21,972 [zio-default-async-5] DEBUG a.f.a.t.b.t.TransitionExecutorImpl - Step #3, transition #1
2025-04-28T09:25:21,972 [zio-default-async-5] DEBUG a.f.a.t.b.t.TransitionExecutorImpl - Translating to SMT
2025-04-28T09:25:21,979 [zio-default-async-5] DEBUG a.f.a.t.b.SeqModelChecker - Step 3: Transition #1. Is it enabled?
2025-04-28T09:25:21,980 [zio-default-async-5] DEBUG a.f.a.t.b.SeqModelChecker - Step 3: Transition #1 is enabled
2025-04-28T09:25:21,980 [zio-default-async-5] INFO  a.f.a.t.b.SeqModelChecker - State 3: Checking 1 state invariants
2025-04-28T09:25:21,980 [zio-default-async-5] DEBUG a.f.a.t.b.SeqModelChecker - State 3: Checking state invariant 0
2025-04-28T09:25:21,985 [zio-default-async-5] INFO  a.f.a.t.b.SeqModelChecker - State 3: state invariant 0 holds.
2025-04-28T09:25:21,986 [zio-default-async-5] INFO  a.f.a.t.b.t.TransitionExecutorImpl - Step 3: picking a transition out of 2 transition(s)
2025-04-28T09:25:21,989 [zio-default-async-5] DEBUG a.f.a.t.b.t.TransitionExecutorImpl - Step #4, transition #0
2025-04-28T09:25:21,989 [zio-default-async-5] DEBUG a.f.a.t.b.t.TransitionExecutorImpl - Translating to SMT
2025-04-28T09:25:21,994 [zio-default-async-5] DEBUG a.f.a.t.b.SeqModelChecker - Step 4: Transition #0. Is it enabled?
2025-04-28T09:25:21,995 [zio-default-async-5] DEBUG a.f.a.t.b.SeqModelChecker - Step 4: Transition #0 is enabled
2025-04-28T09:25:21,995 [zio-default-async-5] INFO  a.f.a.t.b.SeqModelChecker - State 4: Checking 1 state invariants
2025-04-28T09:25:21,995 [zio-default-async-5] DEBUG a.f.a.t.b.SeqModelChecker - State 4: Checking state invariant 0
2025-04-28T09:25:22,017 [zio-default-async-5] INFO  a.f.a.t.b.SeqModelChecker - State 4: state invariant 0 holds.
2025-04-28T09:25:22,018 [zio-default-async-5] DEBUG a.f.a.t.b.t.TransitionExecutorImpl - Step #4, transition #1
2025-04-28T09:25:22,018 [zio-default-async-5] DEBUG a.f.a.t.b.t.TransitionExecutorImpl - Translating to SMT
2025-04-28T09:25:22,024 [zio-default-async-5] DEBUG a.f.a.t.b.SeqModelChecker - Step 4: Transition #1. Is it enabled?
2025-04-28T09:25:22,025 [zio-default-async-5] DEBUG a.f.a.t.b.SeqModelChecker - Step 4: Transition #1 is enabled
2025-04-28T09:25:22,025 [zio-default-async-5] INFO  a.f.a.t.b.SeqModelChecker - State 4: Checking 1 state invariants
2025-04-28T09:25:22,026 [zio-default-async-5] DEBUG a.f.a.t.b.SeqModelChecker - State 4: Checking state invariant 0
2025-04-28T09:25:22,038 [zio-default-async-5] INFO  a.f.a.t.b.SeqModelChecker - State 4: state invariant 0 holds.
2025-04-28T09:25:22,038 [zio-default-async-5] INFO  a.f.a.t.b.t.TransitionExecutorImpl - Step 4: picking a transition out of 2 transition(s)
2025-04-28T09:25:22,041 [zio-default-async-5] DEBUG a.f.a.t.b.t.TransitionExecutorImpl - Step #5, transition #0
2025-04-28T09:25:22,041 [zio-default-async-5] DEBUG a.f.a.t.b.t.TransitionExecutorImpl - Translating to SMT
2025-04-28T09:25:22,046 [zio-default-async-5] DEBUG a.f.a.t.b.SeqModelChecker - Step 5: Transition #0. Is it enabled?
2025-04-28T09:25:22,048 [zio-default-async-5] DEBUG a.f.a.t.b.SeqModelChecker - Step 5: Transition #0 is enabled
2025-04-28T09:25:22,048 [zio-default-async-5] INFO  a.f.a.t.b.SeqModelChecker - State 5: Checking 1 state invariants
2025-04-28T09:25:22,048 [zio-default-async-5] DEBUG a.f.a.t.b.SeqModelChecker - State 5: Checking state invariant 0
2025-04-28T09:25:22,099 [zio-default-async-5] INFO  a.f.a.t.b.SeqModelChecker - State 5: state invariant 0 holds.
2025-04-28T09:25:22,099 [zio-default-async-5] DEBUG a.f.a.t.b.t.TransitionExecutorImpl - Step #5, transition #1
2025-04-28T09:25:22,099 [zio-default-async-5] DEBUG a.f.a.t.b.t.TransitionExecutorImpl - Translating to SMT
2025-04-28T09:25:22,105 [zio-default-async-5] DEBUG a.f.a.t.b.SeqModelChecker - Step 5: Transition #1. Is it enabled?
2025-04-28T09:25:22,107 [zio-default-async-5] DEBUG a.f.a.t.b.SeqModelChecker - Step 5: Transition #1 is enabled
2025-04-28T09:25:22,107 [zio-default-async-5] INFO  a.f.a.t.b.SeqModelChecker - State 5: Checking 1 state invariants
2025-04-28T09:25:22,107 [zio-default-async-5] DEBUG a.f.a.t.b.SeqModelChecker - State 5: Checking state invariant 0
2025-04-28T09:25:22,158 [zio-default-async-5] INFO  a.f.a.t.b.SeqModelChecker - State 5: state invariant 0 holds.
2025-04-28T09:25:22,159 [zio-default-async-5] INFO  a.f.a.t.b.t.TransitionExecutorImpl - Step 5: picking a transition out of 2 transition(s)
2025-04-28T09:25:22,162 [zio-default-async-5] DEBUG a.f.a.t.b.t.TransitionExecutorImpl - Step #6, transition #0
2025-04-28T09:25:22,162 [zio-default-async-5] DEBUG a.f.a.t.b.t.TransitionExecutorImpl - Translating to SMT
2025-04-28T09:25:22,166 [zio-default-async-5] DEBUG a.f.a.t.b.SeqModelChecker - Step 6: Transition #0. Is it enabled?
2025-04-28T09:25:22,168 [zio-default-async-5] DEBUG a.f.a.t.b.SeqModelChecker - Step 6: Transition #0 is enabled
2025-04-28T09:25:22,168 [zio-default-async-5] INFO  a.f.a.t.b.SeqModelChecker - State 6: Checking 1 state invariants
2025-04-28T09:25:22,168 [zio-default-async-5] DEBUG a.f.a.t.b.SeqModelChecker - State 6: Checking state invariant 0
2025-04-28T09:25:22,294 [zio-default-async-5] INFO  a.f.a.t.b.SeqModelChecker - State 6: state invariant 0 holds.
2025-04-28T09:25:22,294 [zio-default-async-5] DEBUG a.f.a.t.b.t.TransitionExecutorImpl - Step #6, transition #1
2025-04-28T09:25:22,295 [zio-default-async-5] DEBUG a.f.a.t.b.t.TransitionExecutorImpl - Translating to SMT
2025-04-28T09:25:22,300 [zio-default-async-5] DEBUG a.f.a.t.b.SeqModelChecker - Step 6: Transition #1. Is it enabled?
2025-04-28T09:25:22,303 [zio-default-async-5] DEBUG a.f.a.t.b.SeqModelChecker - Step 6: Transition #1 is enabled
2025-04-28T09:25:22,303 [zio-default-async-5] INFO  a.f.a.t.b.SeqModelChecker - State 6: Checking 1 state invariants
2025-04-28T09:25:22,303 [zio-default-async-5] DEBUG a.f.a.t.b.SeqModelChecker - State 6: Checking state invariant 0
2025-04-28T09:25:22,372 [zio-default-async-5] INFO  a.f.a.t.b.SeqModelChecker - State 6: state invariant 0 holds.
2025-04-28T09:25:22,374 [zio-default-async-5] INFO  a.f.a.t.b.t.TransitionExecutorImpl - Step 6: picking a transition out of 2 transition(s)
2025-04-28T09:25:22,376 [zio-default-async-5] DEBUG a.f.a.t.b.t.TransitionExecutorImpl - Step #7, transition #0
2025-04-28T09:25:22,376 [zio-default-async-5] DEBUG a.f.a.t.b.t.TransitionExecutorImpl - Translating to SMT
2025-04-28T09:25:22,380 [zio-default-async-5] DEBUG a.f.a.t.b.SeqModelChecker - Step 7: Transition #0. Is it enabled?
2025-04-28T09:25:22,383 [zio-default-async-5] DEBUG a.f.a.t.b.SeqModelChecker - Step 7: Transition #0 is enabled
2025-04-28T09:25:22,383 [zio-default-async-5] INFO  a.f.a.t.b.SeqModelChecker - State 7: Checking 1 state invariants
2025-04-28T09:25:22,383 [zio-default-async-5] DEBUG a.f.a.t.b.SeqModelChecker - State 7: Checking state invariant 0
2025-04-28T09:25:22,625 [zio-default-async-5] INFO  a.f.a.t.b.SeqModelChecker - State 7: state invariant 0 holds.
2025-04-28T09:25:22,626 [zio-default-async-5] DEBUG a.f.a.t.b.t.TransitionExecutorImpl - Step #7, transition #1
2025-04-28T09:25:22,626 [zio-default-async-5] DEBUG a.f.a.t.b.t.TransitionExecutorImpl - Translating to SMT
2025-04-28T09:25:22,631 [zio-default-async-5] DEBUG a.f.a.t.b.SeqModelChecker - Step 7: Transition #1. Is it enabled?
2025-04-28T09:25:22,635 [zio-default-async-5] DEBUG a.f.a.t.b.SeqModelChecker - Step 7: Transition #1 is enabled
2025-04-28T09:25:22,635 [zio-default-async-5] INFO  a.f.a.t.b.SeqModelChecker - State 7: Checking 1 state invariants
2025-04-28T09:25:22,635 [zio-default-async-5] DEBUG a.f.a.t.b.SeqModelChecker - State 7: Checking state invariant 0
2025-04-28T09:25:22,785 [zio-default-async-5] INFO  a.f.a.t.b.SeqModelChecker - State 7: state invariant 0 holds.
2025-04-28T09:25:22,786 [zio-default-async-5] INFO  a.f.a.t.b.t.TransitionExecutorImpl - Step 7: picking a transition out of 2 transition(s)
2025-04-28T09:25:22,789 [zio-default-async-5] DEBUG a.f.a.t.b.t.TransitionExecutorImpl - Step #8, transition #0
2025-04-28T09:25:22,789 [zio-default-async-5] DEBUG a.f.a.t.b.t.TransitionExecutorImpl - Translating to SMT
2025-04-28T09:25:22,792 [zio-default-async-5] DEBUG a.f.a.t.b.SeqModelChecker - Step 8: Transition #0. Is it enabled?
2025-04-28T09:25:22,797 [zio-default-async-5] DEBUG a.f.a.t.b.SeqModelChecker - Step 8: Transition #0 is enabled
2025-04-28T09:25:22,797 [zio-default-async-5] INFO  a.f.a.t.b.SeqModelChecker - State 8: Checking 1 state invariants
2025-04-28T09:25:22,797 [zio-default-async-5] DEBUG a.f.a.t.b.SeqModelChecker - State 8: Checking state invariant 0
2025-04-28T09:25:23,027 [zio-default-async-5] INFO  a.f.a.t.b.SeqModelChecker - State 8: state invariant 0 holds.
2025-04-28T09:25:23,028 [zio-default-async-5] DEBUG a.f.a.t.b.t.TransitionExecutorImpl - Step #8, transition #1
2025-04-28T09:25:23,028 [zio-default-async-5] DEBUG a.f.a.t.b.t.TransitionExecutorImpl - Translating to SMT
2025-04-28T09:25:23,040 [zio-default-async-5] DEBUG a.f.a.t.b.SeqModelChecker - Step 8: Transition #1. Is it enabled?
2025-04-28T09:25:23,045 [zio-default-async-5] DEBUG a.f.a.t.b.SeqModelChecker - Step 8: Transition #1 is enabled
2025-04-28T09:25:23,045 [zio-default-async-5] INFO  a.f.a.t.b.SeqModelChecker - State 8: Checking 1 state invariants
2025-04-28T09:25:23,045 [zio-default-async-5] DEBUG a.f.a.t.b.SeqModelChecker - State 8: Checking state invariant 0
2025-04-28T09:25:23,288 [zio-default-async-5] INFO  a.f.a.t.b.SeqModelChecker - State 8: state invariant 0 holds.
2025-04-28T09:25:23,289 [zio-default-async-5] INFO  a.f.a.t.b.t.TransitionExecutorImpl - Step 8: picking a transition out of 2 transition(s)
2025-04-28T09:25:23,291 [zio-default-async-5] DEBUG a.f.a.t.b.t.TransitionExecutorImpl - Step #9, transition #0
2025-04-28T09:25:23,292 [zio-default-async-5] DEBUG a.f.a.t.b.t.TransitionExecutorImpl - Translating to SMT
2025-04-28T09:25:23,295 [zio-default-async-5] DEBUG a.f.a.t.b.SeqModelChecker - Step 9: Transition #0. Is it enabled?
2025-04-28T09:25:23,298 [zio-default-async-5] DEBUG a.f.a.t.b.SeqModelChecker - Step 9: Transition #0 is enabled
2025-04-28T09:25:23,298 [zio-default-async-5] INFO  a.f.a.t.b.SeqModelChecker - State 9: Checking 1 state invariants
2025-04-28T09:25:23,298 [zio-default-async-5] DEBUG a.f.a.t.b.SeqModelChecker - State 9: Checking state invariant 0
2025-04-28T09:25:24,574 [zio-default-async-5] INFO  a.f.a.t.b.SeqModelChecker - State 9: state invariant 0 holds.
2025-04-28T09:25:24,575 [zio-default-async-5] DEBUG a.f.a.t.b.t.TransitionExecutorImpl - Step #9, transition #1
2025-04-28T09:25:24,575 [zio-default-async-5] DEBUG a.f.a.t.b.t.TransitionExecutorImpl - Translating to SMT
2025-04-28T09:25:24,580 [zio-default-async-5] DEBUG a.f.a.t.b.SeqModelChecker - Step 9: Transition #1. Is it enabled?
2025-04-28T09:25:24,586 [zio-default-async-5] DEBUG a.f.a.t.b.SeqModelChecker - Step 9: Transition #1 is enabled
2025-04-28T09:25:24,586 [zio-default-async-5] INFO  a.f.a.t.b.SeqModelChecker - State 9: Checking 1 state invariants
2025-04-28T09:25:24,586 [zio-default-async-5] DEBUG a.f.a.t.b.SeqModelChecker - State 9: Checking state invariant 0
2025-04-28T09:25:25,186 [zio-default-async-5] INFO  a.f.a.t.b.SeqModelChecker - State 9: state invariant 0 holds.
2025-04-28T09:25:25,188 [zio-default-async-5] INFO  a.f.a.t.b.t.TransitionExecutorImpl - Step 9: picking a transition out of 2 transition(s)
2025-04-28T09:25:25,189 [zio-default-async-5] DEBUG a.f.a.t.b.t.TransitionExecutorImpl - Step #10, transition #0
2025-04-28T09:25:25,190 [zio-default-async-5] DEBUG a.f.a.t.b.t.TransitionExecutorImpl - Translating to SMT
2025-04-28T09:25:25,193 [zio-default-async-5] DEBUG a.f.a.t.b.SeqModelChecker - Step 10: Transition #0. Is it enabled?
2025-04-28T09:25:25,201 [zio-default-async-5] DEBUG a.f.a.t.b.SeqModelChecker - Step 10: Transition #0 is enabled
2025-04-28T09:25:25,201 [zio-default-async-5] INFO  a.f.a.t.b.SeqModelChecker - State 10: Checking 1 state invariants
2025-04-28T09:25:25,201 [zio-default-async-5] DEBUG a.f.a.t.b.SeqModelChecker - State 10: Checking state invariant 0
2025-04-28T09:25:26,161 [zio-default-async-5] INFO  a.f.a.t.b.SeqModelChecker - State 10: state invariant 0 holds.
2025-04-28T09:25:26,164 [zio-default-async-5] DEBUG a.f.a.t.b.t.TransitionExecutorImpl - Step #10, transition #1
2025-04-28T09:25:26,164 [zio-default-async-5] DEBUG a.f.a.t.b.t.TransitionExecutorImpl - Translating to SMT
2025-04-28T09:25:26,171 [zio-default-async-5] DEBUG a.f.a.t.b.SeqModelChecker - Step 10: Transition #1. Is it enabled?
2025-04-28T09:25:26,177 [zio-default-async-5] DEBUG a.f.a.t.b.SeqModelChecker - Step 10: Transition #1 is enabled
2025-04-28T09:25:26,177 [zio-default-async-5] INFO  a.f.a.t.b.SeqModelChecker - State 10: Checking 1 state invariants
2025-04-28T09:25:26,177 [zio-default-async-5] DEBUG a.f.a.t.b.SeqModelChecker - State 10: Checking state invariant 0
2025-04-28T09:25:26,651 [zio-default-async-5] INFO  a.f.a.t.b.SeqModelChecker - State 10: state invariant 0 holds.
2025-04-28T09:25:26,653 [zio-default-async-5] INFO  a.f.a.t.b.t.TransitionExecutorImpl - Step 10: picking a transition out of 2 transition(s)
2025-04-28T09:25:26,655 [zio-default-async-5] DEBUG a.f.a.t.b.s.Z3SolverContext - Disposing Z3 solver context 0
2025-04-28T09:25:26,659 [zio-default-async-5] INFO  a.f.a.t.b.p.BoundedCheckerPassImpl - The outcome is: NoError
2025-04-28T09:25:26,659 [zio-default-async-5] DEBUG a.f.a.i.p.PassChainExecutor$ - PASS #13: BoundedChecker [OK]
